{"/Users/liaoyuhsin/Desktop/Forbole/big-dipper-default-interface/next.config.js": {"path":"/Users/liaoyuhsin/Desktop/Forbole/big-dipper-default-interface/next.config.js","statementMap":{"0":{"start":{"line":1,"column":32},"end":{"line":1,"column":64}},"1":{"start":{"line":3,"column":23},"end":{"line":6,"column":1}},"2":{"start":{"line":8,"column":0},"end":{"line":13,"column":2}},"3":{"start":{"line":9,"column":24},"end":{"line":9,"column":59}}},"fnMap":{"0":{"name":"(anonymous_0)","decl":{"start":{"line":9,"column":12},"end":{"line":9,"column":13}},"loc":{"start":{"line":9,"column":24},"end":{"line":9,"column":59}},"line":9}},"branchMap":{},"s":{"0":5,"1":5,"2":5,"3":0},"f":{"0":0},"b":{},"inputSourceMap":null,"_coverageSchema":"1a1c01bbd47fc00a2c39e90264f33305004495a9","hash":"81fab46f5ff42e1f2499c59fba51e4798a9d3475"}
,"/Users/liaoyuhsin/Desktop/Forbole/big-dipper-default-interface/src/components/index.tsx": {"path":"/Users/liaoyuhsin/Desktop/Forbole/big-dipper-default-interface/src/components/index.tsx","statementMap":{},"fnMap":{},"branchMap":{},"s":{},"f":{},"b":{},"_coverageSchema":"1a1c01bbd47fc00a2c39e90264f33305004495a9","hash":"12e778be5824041d6b98bb3216cfa3bf6930b7b5"}
,"/Users/liaoyuhsin/Desktop/Forbole/big-dipper-default-interface/src/components/footer/index.tsx": {"path":"/Users/liaoyuhsin/Desktop/Forbole/big-dipper-default-interface/src/components/footer/index.tsx","statementMap":{"0":{"start":{"line":9,"column":24},"end":{"line":38,"column":1}},"1":{"start":{"line":10,"column":22},"end":{"line":10,"column":36}},"2":{"start":{"line":11,"column":16},"end":{"line":11,"column":52}},"3":{"start":{"line":12,"column":32},"end":{"line":12,"column":58}},"4":{"start":{"line":13,"column":32},"end":{"line":13,"column":57}},"5":{"start":{"line":14,"column":22},"end":{"line":14,"column":48}},"6":{"start":{"line":16,"column":2},"end":{"line":37,"column":4}}},"fnMap":{"0":{"name":"(anonymous_0)","decl":{"start":{"line":9,"column":24},"end":{"line":9,"column":25}},"loc":{"start":{"line":9,"column":30},"end":{"line":38,"column":1}},"line":9}},"branchMap":{},"s":{"0":5,"1":7,"2":7,"3":7,"4":7,"5":7,"6":7},"f":{"0":7},"b":{},"_coverageSchema":"1a1c01bbd47fc00a2c39e90264f33305004495a9","hash":"025f4cc52160c1bbef4add8627682f23c1cac883"}
,"/Users/liaoyuhsin/Desktop/Forbole/big-dipper-default-interface/src/components/footer/styles.tsx": {"path":"/Users/liaoyuhsin/Desktop/Forbole/big-dipper-default-interface/src/components/footer/styles.tsx","statementMap":{"0":{"start":{"line":3,"column":28},"end":{"line":25,"column":1}},"1":{"start":{"line":4,"column":20},"end":{"line":20,"column":4}},"2":{"start":{"line":22,"column":2},"end":{"line":24,"column":4}}},"fnMap":{"0":{"name":"(anonymous_0)","decl":{"start":{"line":3,"column":28},"end":{"line":3,"column":29}},"loc":{"start":{"line":3,"column":34},"end":{"line":25,"column":1}},"line":3}},"branchMap":{},"s":{"0":5,"1":7,"2":7},"f":{"0":7},"b":{},"_coverageSchema":"1a1c01bbd47fc00a2c39e90264f33305004495a9","hash":"b26d881242f099d18cdd5136ffe1e16c017ea7e3"}
,"/Users/liaoyuhsin/Desktop/Forbole/big-dipper-default-interface/src/components/footer/utils.tsx": {"path":"/Users/liaoyuhsin/Desktop/Forbole/big-dipper-default-interface/src/components/footer/utils.tsx","statementMap":{"0":{"start":{"line":18,"column":51},"end":{"line":44,"column":1}},"1":{"start":{"line":49,"column":40},"end":{"line":59,"column":1}},"2":{"start":{"line":50,"column":2},"end":{"line":58,"column":5}},"3":{"start":{"line":51,"column":4},"end":{"line":57,"column":6}},"4":{"start":{"line":64,"column":27},"end":{"line":77,"column":1}},"5":{"start":{"line":82,"column":39},"end":{"line":93,"column":1}},"6":{"start":{"line":83,"column":2},"end":{"line":92,"column":5}},"7":{"start":{"line":84,"column":4},"end":{"line":91,"column":6}},"8":{"start":{"line":95,"column":27},"end":{"line":112,"column":1}},"9":{"start":{"line":114,"column":39},"end":{"line":123,"column":1}},"10":{"start":{"line":115,"column":2},"end":{"line":122,"column":5}},"11":{"start":{"line":116,"column":4},"end":{"line":121,"column":6}}},"fnMap":{"0":{"name":"(anonymous_0)","decl":{"start":{"line":49,"column":40},"end":{"line":49,"column":41}},"loc":{"start":{"line":49,"column":46},"end":{"line":59,"column":1}},"line":49},"1":{"name":"(anonymous_1)","decl":{"start":{"line":50,"column":30},"end":{"line":50,"column":31}},"loc":{"start":{"line":50,"column":37},"end":{"line":58,"column":3}},"line":50},"2":{"name":"(anonymous_2)","decl":{"start":{"line":82,"column":39},"end":{"line":82,"column":40}},"loc":{"start":{"line":82,"column":45},"end":{"line":93,"column":1}},"line":82},"3":{"name":"(anonymous_3)","decl":{"start":{"line":83,"column":25},"end":{"line":83,"column":26}},"loc":{"start":{"line":83,"column":32},"end":{"line":92,"column":3}},"line":83},"4":{"name":"(anonymous_4)","decl":{"start":{"line":114,"column":39},"end":{"line":114,"column":40}},"loc":{"start":{"line":114,"column":50},"end":{"line":123,"column":1}},"line":114},"5":{"name":"(anonymous_5)","decl":{"start":{"line":115,"column":25},"end":{"line":115,"column":26}},"loc":{"start":{"line":115,"column":36},"end":{"line":122,"column":3}},"line":115}},"branchMap":{},"s":{"0":5,"1":5,"2":7,"3":35,"4":5,"5":5,"6":7,"7":14,"8":5,"9":5,"10":7,"11":21},"f":{"0":7,"1":35,"2":7,"3":14,"4":7,"5":21},"b":{},"_coverageSchema":"1a1c01bbd47fc00a2c39e90264f33305004495a9","hash":"d7b67dce2f6bd14f5e2f77a4ef8ddf40cb0f6fbc"}
,"/Users/liaoyuhsin/Desktop/Forbole/big-dipper-default-interface/src/components/footer/components/index.ts": {"path":"/Users/liaoyuhsin/Desktop/Forbole/big-dipper-default-interface/src/components/footer/components/index.ts","statementMap":{},"fnMap":{},"branchMap":{},"s":{},"f":{},"b":{},"_coverageSchema":"1a1c01bbd47fc00a2c39e90264f33305004495a9","hash":"9e99f28d3ce6d2d3a569cbc8f597047d3f1a23c4"}
,"/Users/liaoyuhsin/Desktop/Forbole/big-dipper-default-interface/src/components/footer/components/footer_link/index.tsx": {"path":"/Users/liaoyuhsin/Desktop/Forbole/big-dipper-default-interface/src/components/footer/components/footer_link/index.tsx","statementMap":{"0":{"start":{"line":4,"column":19},"end":{"line":18,"column":1}},"1":{"start":{"line":8,"column":6},"end":{"line":8,"column":11}},"2":{"start":{"line":9,"column":2},"end":{"line":17,"column":4}}},"fnMap":{"0":{"name":"(anonymous_0)","decl":{"start":{"line":4,"column":19},"end":{"line":4,"column":20}},"loc":{"start":{"line":4,"column":34},"end":{"line":18,"column":1}},"line":4}},"branchMap":{},"s":{"0":5,"1":21,"2":21},"f":{"0":21},"b":{},"_coverageSchema":"1a1c01bbd47fc00a2c39e90264f33305004495a9","hash":"93363773a1f756a6be7bb4f132b9aa078eb5a246"}
,"/Users/liaoyuhsin/Desktop/Forbole/big-dipper-default-interface/src/components/footer/components/social_media/index.tsx": {"path":"/Users/liaoyuhsin/Desktop/Forbole/big-dipper-default-interface/src/components/footer/components/social_media/index.tsx","statementMap":{"0":{"start":{"line":4,"column":20},"end":{"line":20,"column":1}},"1":{"start":{"line":9,"column":6},"end":{"line":9,"column":11}},"2":{"start":{"line":10,"column":2},"end":{"line":19,"column":4}}},"fnMap":{"0":{"name":"(anonymous_0)","decl":{"start":{"line":4,"column":20},"end":{"line":4,"column":21}},"loc":{"start":{"line":4,"column":48},"end":{"line":20,"column":1}},"line":4}},"branchMap":{},"s":{"0":5,"1":35,"2":35},"f":{"0":35},"b":{},"_coverageSchema":"1a1c01bbd47fc00a2c39e90264f33305004495a9","hash":"d295864304221206d5e60f8fd8ac465bc8c63fdb"}
,"/Users/liaoyuhsin/Desktop/Forbole/big-dipper-default-interface/src/components/footer/components/store_badge/index.tsx": {"path":"/Users/liaoyuhsin/Desktop/Forbole/big-dipper-default-interface/src/components/footer/components/store_badge/index.tsx","statementMap":{"0":{"start":{"line":4,"column":19},"end":{"line":25,"column":1}},"1":{"start":{"line":10,"column":6},"end":{"line":10,"column":11}},"2":{"start":{"line":11,"column":2},"end":{"line":24,"column":4}}},"fnMap":{"0":{"name":"(anonymous_0)","decl":{"start":{"line":4,"column":19},"end":{"line":4,"column":20}},"loc":{"start":{"line":4,"column":46},"end":{"line":25,"column":1}},"line":4}},"branchMap":{},"s":{"0":5,"1":14,"2":14},"f":{"0":14},"b":{},"_coverageSchema":"1a1c01bbd47fc00a2c39e90264f33305004495a9","hash":"b3d83dd9196de477d4ceddd379ab4bd9f0c8b7d0"}
,"/Users/liaoyuhsin/Desktop/Forbole/big-dipper-default-interface/src/components/icons/index.tsx": {"path":"/Users/liaoyuhsin/Desktop/Forbole/big-dipper-default-interface/src/components/icons/index.tsx","statementMap":{},"fnMap":{},"branchMap":{},"s":{},"f":{},"b":{},"_coverageSchema":"1a1c01bbd47fc00a2c39e90264f33305004495a9","hash":"bf32b6b10f5bc7c3012a93652db425890eb720d2"}
,"/Users/liaoyuhsin/Desktop/Forbole/big-dipper-default-interface/src/components/icons/facebook/index.tsx": {"path":"/Users/liaoyuhsin/Desktop/Forbole/big-dipper-default-interface/src/components/icons/facebook/index.tsx","statementMap":{"0":{"start":{"line":3,"column":17},"end":{"line":21,"column":1}},"1":{"start":{"line":4,"column":2},"end":{"line":20,"column":4}}},"fnMap":{"0":{"name":"(anonymous_0)","decl":{"start":{"line":3,"column":17},"end":{"line":3,"column":18}},"loc":{"start":{"line":3,"column":23},"end":{"line":21,"column":1}},"line":3}},"branchMap":{},"s":{"0":5,"1":7},"f":{"0":7},"b":{},"_coverageSchema":"1a1c01bbd47fc00a2c39e90264f33305004495a9","hash":"4821383d0bca463c1c2a5d2a79535bd8e03d95ed"}
,"/Users/liaoyuhsin/Desktop/Forbole/big-dipper-default-interface/src/components/icons/forbole/index.tsx": {"path":"/Users/liaoyuhsin/Desktop/Forbole/big-dipper-default-interface/src/components/icons/forbole/index.tsx","statementMap":{"0":{"start":{"line":3,"column":16},"end":{"line":28,"column":1}},"1":{"start":{"line":4,"column":2},"end":{"line":27,"column":4}}},"fnMap":{"0":{"name":"(anonymous_0)","decl":{"start":{"line":3,"column":16},"end":{"line":3,"column":17}},"loc":{"start":{"line":3,"column":22},"end":{"line":28,"column":1}},"line":3}},"branchMap":{},"s":{"0":5,"1":0},"f":{"0":0},"b":{},"_coverageSchema":"1a1c01bbd47fc00a2c39e90264f33305004495a9","hash":"5a9c3133cb82bf674ff897797ba7da64107f511a"}
,"/Users/liaoyuhsin/Desktop/Forbole/big-dipper-default-interface/src/components/icons/github/index.tsx": {"path":"/Users/liaoyuhsin/Desktop/Forbole/big-dipper-default-interface/src/components/icons/github/index.tsx","statementMap":{"0":{"start":{"line":3,"column":15},"end":{"line":22,"column":1}},"1":{"start":{"line":4,"column":2},"end":{"line":21,"column":4}}},"fnMap":{"0":{"name":"(anonymous_0)","decl":{"start":{"line":3,"column":15},"end":{"line":3,"column":16}},"loc":{"start":{"line":3,"column":21},"end":{"line":22,"column":1}},"line":3}},"branchMap":{},"s":{"0":5,"1":7},"f":{"0":7},"b":{},"_coverageSchema":"1a1c01bbd47fc00a2c39e90264f33305004495a9","hash":"d19589366f80eeb81d15b6788dd0cdb047afcf9a"}
,"/Users/liaoyuhsin/Desktop/Forbole/big-dipper-default-interface/src/components/icons/linkedIn/index.tsx": {"path":"/Users/liaoyuhsin/Desktop/Forbole/big-dipper-default-interface/src/components/icons/linkedIn/index.tsx","statementMap":{"0":{"start":{"line":3,"column":17},"end":{"line":23,"column":1}},"1":{"start":{"line":4,"column":2},"end":{"line":22,"column":4}}},"fnMap":{"0":{"name":"(anonymous_0)","decl":{"start":{"line":3,"column":17},"end":{"line":3,"column":18}},"loc":{"start":{"line":3,"column":23},"end":{"line":23,"column":1}},"line":3}},"branchMap":{},"s":{"0":5,"1":0},"f":{"0":0},"b":{},"_coverageSchema":"1a1c01bbd47fc00a2c39e90264f33305004495a9","hash":"d696e843157403863438484746d9c4c7d71983a0"}
,"/Users/liaoyuhsin/Desktop/Forbole/big-dipper-default-interface/src/components/icons/medium/index.tsx": {"path":"/Users/liaoyuhsin/Desktop/Forbole/big-dipper-default-interface/src/components/icons/medium/index.tsx","statementMap":{"0":{"start":{"line":3,"column":15},"end":{"line":21,"column":1}},"1":{"start":{"line":4,"column":2},"end":{"line":20,"column":4}}},"fnMap":{"0":{"name":"(anonymous_0)","decl":{"start":{"line":3,"column":15},"end":{"line":3,"column":16}},"loc":{"start":{"line":3,"column":21},"end":{"line":21,"column":1}},"line":3}},"branchMap":{},"s":{"0":5,"1":7},"f":{"0":7},"b":{},"_coverageSchema":"1a1c01bbd47fc00a2c39e90264f33305004495a9","hash":"75e11c29d1377512318a6cec9f984d97eb6be1c2"}
,"/Users/liaoyuhsin/Desktop/Forbole/big-dipper-default-interface/src/components/icons/telegram/index.tsx": {"path":"/Users/liaoyuhsin/Desktop/Forbole/big-dipper-default-interface/src/components/icons/telegram/index.tsx","statementMap":{"0":{"start":{"line":3,"column":17},"end":{"line":21,"column":1}},"1":{"start":{"line":4,"column":2},"end":{"line":20,"column":4}}},"fnMap":{"0":{"name":"(anonymous_0)","decl":{"start":{"line":3,"column":17},"end":{"line":3,"column":18}},"loc":{"start":{"line":3,"column":23},"end":{"line":21,"column":1}},"line":3}},"branchMap":{},"s":{"0":5,"1":7},"f":{"0":7},"b":{},"_coverageSchema":"1a1c01bbd47fc00a2c39e90264f33305004495a9","hash":"c58ecfd00c6785b4f600db407b9c22c4839a29a0"}
,"/Users/liaoyuhsin/Desktop/Forbole/big-dipper-default-interface/src/components/icons/twitter/index.tsx": {"path":"/Users/liaoyuhsin/Desktop/Forbole/big-dipper-default-interface/src/components/icons/twitter/index.tsx","statementMap":{"0":{"start":{"line":3,"column":16},"end":{"line":21,"column":1}},"1":{"start":{"line":4,"column":2},"end":{"line":20,"column":4}}},"fnMap":{"0":{"name":"(anonymous_0)","decl":{"start":{"line":3,"column":16},"end":{"line":3,"column":17}},"loc":{"start":{"line":3,"column":22},"end":{"line":21,"column":1}},"line":3}},"branchMap":{},"s":{"0":5,"1":7},"f":{"0":7},"b":{},"_coverageSchema":"1a1c01bbd47fc00a2c39e90264f33305004495a9","hash":"6187987ed7e9fc88f2900537f575b780be59781b"}
,"/Users/liaoyuhsin/Desktop/Forbole/big-dipper-default-interface/src/components/icons/youtube/index.tsx": {"path":"/Users/liaoyuhsin/Desktop/Forbole/big-dipper-default-interface/src/components/icons/youtube/index.tsx","statementMap":{"0":{"start":{"line":3,"column":16},"end":{"line":22,"column":1}},"1":{"start":{"line":4,"column":2},"end":{"line":21,"column":4}}},"fnMap":{"0":{"name":"(anonymous_0)","decl":{"start":{"line":3,"column":16},"end":{"line":3,"column":17}},"loc":{"start":{"line":3,"column":22},"end":{"line":22,"column":1}},"line":3}},"branchMap":{},"s":{"0":5,"1":0},"f":{"0":0},"b":{},"_coverageSchema":"1a1c01bbd47fc00a2c39e90264f33305004495a9","hash":"ca0debe656c709ecfcddc393e4488d8aacc7b899"}
,"/Users/liaoyuhsin/Desktop/Forbole/big-dipper-default-interface/src/components/layout/index.tsx": {"path":"/Users/liaoyuhsin/Desktop/Forbole/big-dipper-default-interface/src/components/layout/index.tsx","statementMap":{"0":{"start":{"line":5,"column":22},"end":{"line":17,"column":1}},"1":{"start":{"line":9,"column":6},"end":{"line":9,"column":11}},"2":{"start":{"line":11,"column":2},"end":{"line":16,"column":4}}},"fnMap":{"0":{"name":"(anonymous_0)","decl":{"start":{"line":5,"column":22},"end":{"line":5,"column":23}},"loc":{"start":{"line":5,"column":46},"end":{"line":17,"column":1}},"line":5}},"branchMap":{"0":{"loc":{"start":{"line":8,"column":4},"end":{"line":8,"column":18}},"type":"default-arg","locations":[{"start":{"line":8,"column":16},"end":{"line":8,"column":18}}],"line":8}},"s":{"0":5,"1":6,"2":6},"f":{"0":6},"b":{"0":[6]},"_coverageSchema":"1a1c01bbd47fc00a2c39e90264f33305004495a9","hash":"7d135660e7382d74bf939256bd04ef418132c828"}
,"/Users/liaoyuhsin/Desktop/Forbole/big-dipper-default-interface/src/components/max_width_container/index.tsx": {"path":"/Users/liaoyuhsin/Desktop/Forbole/big-dipper-default-interface/src/components/max_width_container/index.tsx","statementMap":{"0":{"start":{"line":6,"column":26},"end":{"line":17,"column":1}},"1":{"start":{"line":9,"column":6},"end":{"line":9,"column":11}},"2":{"start":{"line":10,"column":22},"end":{"line":10,"column":36}},"3":{"start":{"line":12,"column":2},"end":{"line":16,"column":4}}},"fnMap":{"0":{"name":"(anonymous_0)","decl":{"start":{"line":6,"column":26},"end":{"line":6,"column":27}},"loc":{"start":{"line":6,"column":60},"end":{"line":17,"column":1}},"line":6}},"branchMap":{"0":{"loc":{"start":{"line":8,"column":14},"end":{"line":8,"column":28}},"type":"default-arg","locations":[{"start":{"line":8,"column":26},"end":{"line":8,"column":28}}],"line":8}},"s":{"0":5,"1":2,"2":2,"3":2},"f":{"0":2},"b":{"0":[2]},"_coverageSchema":"1a1c01bbd47fc00a2c39e90264f33305004495a9","hash":"9a135a1ee9f0fb0a75e7f496eff3038a4ed07f98"}
,"/Users/liaoyuhsin/Desktop/Forbole/big-dipper-default-interface/src/components/max_width_container/styles.tsx": {"path":"/Users/liaoyuhsin/Desktop/Forbole/big-dipper-default-interface/src/components/max_width_container/styles.tsx","statementMap":{"0":{"start":{"line":3,"column":28},"end":{"line":15,"column":1}},"1":{"start":{"line":4,"column":20},"end":{"line":10,"column":4}},"2":{"start":{"line":12,"column":2},"end":{"line":14,"column":4}}},"fnMap":{"0":{"name":"(anonymous_0)","decl":{"start":{"line":3,"column":28},"end":{"line":3,"column":29}},"loc":{"start":{"line":3,"column":34},"end":{"line":15,"column":1}},"line":3}},"branchMap":{},"s":{"0":5,"1":2,"2":2},"f":{"0":2},"b":{},"_coverageSchema":"1a1c01bbd47fc00a2c39e90264f33305004495a9","hash":"e87d49ba1bda5e8a58eb592e5c7e2311a900120a"}
,"/Users/liaoyuhsin/Desktop/Forbole/big-dipper-default-interface/src/components/max_width_content/index.tsx": {"path":"/Users/liaoyuhsin/Desktop/Forbole/big-dipper-default-interface/src/components/max_width_content/index.tsx","statementMap":{"0":{"start":{"line":6,"column":24},"end":{"line":17,"column":1}},"1":{"start":{"line":9,"column":6},"end":{"line":9,"column":11}},"2":{"start":{"line":10,"column":22},"end":{"line":10,"column":36}},"3":{"start":{"line":12,"column":2},"end":{"line":16,"column":4}}},"fnMap":{"0":{"name":"(anonymous_0)","decl":{"start":{"line":6,"column":24},"end":{"line":6,"column":25}},"loc":{"start":{"line":6,"column":56},"end":{"line":17,"column":1}},"line":6}},"branchMap":{"0":{"loc":{"start":{"line":8,"column":14},"end":{"line":8,"column":28}},"type":"default-arg","locations":[{"start":{"line":8,"column":26},"end":{"line":8,"column":28}}],"line":8}},"s":{"0":5,"1":6,"2":6,"3":6},"f":{"0":6},"b":{"0":[4]},"_coverageSchema":"1a1c01bbd47fc00a2c39e90264f33305004495a9","hash":"6def199f633d2fb0f15bbeef3393d52c0e28547b"}
,"/Users/liaoyuhsin/Desktop/Forbole/big-dipper-default-interface/src/components/max_width_content/styles.tsx": {"path":"/Users/liaoyuhsin/Desktop/Forbole/big-dipper-default-interface/src/components/max_width_content/styles.tsx","statementMap":{"0":{"start":{"line":4,"column":28},"end":{"line":16,"column":1}},"1":{"start":{"line":5,"column":21},"end":{"line":5,"column":31}},"2":{"start":{"line":6,"column":20},"end":{"line":11,"column":4}},"3":{"start":{"line":13,"column":2},"end":{"line":15,"column":4}}},"fnMap":{"0":{"name":"(anonymous_0)","decl":{"start":{"line":4,"column":28},"end":{"line":4,"column":29}},"loc":{"start":{"line":4,"column":34},"end":{"line":16,"column":1}},"line":4}},"branchMap":{"0":{"loc":{"start":{"line":9,"column":16},"end":{"line":9,"column":56}},"type":"binary-expr","locations":[{"start":{"line":9,"column":16},"end":{"line":9,"column":44}},{"start":{"line":9,"column":48},"end":{"line":9,"column":56}}],"line":9}},"s":{"0":5,"1":6,"2":6,"3":6},"f":{"0":6},"b":{"0":[6,6]},"_coverageSchema":"1a1c01bbd47fc00a2c39e90264f33305004495a9","hash":"3311cafde663ee7caf1aa78ca2583d64a29e87d7"}
,"/Users/liaoyuhsin/Desktop/Forbole/big-dipper-default-interface/src/graphql/queries/consensus.ts": {"path":"/Users/liaoyuhsin/Desktop/Forbole/big-dipper-default-interface/src/graphql/queries/consensus.ts","statementMap":{"0":{"start":{"line":3,"column":35},"end":{"line":8,"column":2}},"1":{"start":{"line":10,"column":47},"end":{"line":15,"column":2}},"2":{"start":{"line":17,"column":41},"end":{"line":22,"column":2}},"3":{"start":{"line":24,"column":39},"end":{"line":29,"column":2}},"4":{"start":{"line":31,"column":38},"end":{"line":36,"column":2}},"5":{"start":{"line":39,"column":32},"end":{"line":55,"column":2}},"6":{"start":{"line":57,"column":31},"end":{"line":65,"column":1}}},"fnMap":{},"branchMap":{},"s":{"0":2,"1":2,"2":2,"3":2,"4":2,"5":2,"6":2},"f":{},"b":{},"_coverageSchema":"1a1c01bbd47fc00a2c39e90264f33305004495a9","hash":"276d24277a9c46e2ced7afdaefae892ca482ca16"}
,"/Users/liaoyuhsin/Desktop/Forbole/big-dipper-default-interface/src/graphql/queries/distribution.ts": {"path":"/Users/liaoyuhsin/Desktop/Forbole/big-dipper-default-interface/src/graphql/queries/distribution.ts","statementMap":{"0":{"start":{"line":3,"column":30},"end":{"line":8,"column":2}}},"fnMap":{},"branchMap":{},"s":{"0":2},"f":{},"b":{},"_coverageSchema":"1a1c01bbd47fc00a2c39e90264f33305004495a9","hash":"b3c5daa218699db77b003bae2504b77cd1851d5d"}
,"/Users/liaoyuhsin/Desktop/Forbole/big-dipper-default-interface/src/graphql/queries/gov.ts": {"path":"/Users/liaoyuhsin/Desktop/Forbole/big-dipper-default-interface/src/graphql/queries/gov.ts","statementMap":{"0":{"start":{"line":3,"column":30},"end":{"line":16,"column":2}},"1":{"start":{"line":18,"column":24},"end":{"line":31,"column":2}},"2":{"start":{"line":33,"column":24},"end":{"line":42,"column":1}},"3":{"start":{"line":44,"column":24},"end":{"line":63,"column":1}},"4":{"start":{"line":65,"column":24},"end":{"line":83,"column":4}},"5":{"start":{"line":85,"column":23},"end":{"line":103,"column":4}},"6":{"start":{"line":105,"column":28},"end":{"line":123,"column":2}},"7":{"start":{"line":124,"column":33},"end":{"line":142,"column":2}},"8":{"start":{"line":144,"column":27},"end":{"line":155,"column":1}}},"fnMap":{},"branchMap":{},"s":{"0":2,"1":2,"2":2,"3":2,"4":2,"5":2,"6":2,"7":2,"8":2},"f":{},"b":{},"_coverageSchema":"1a1c01bbd47fc00a2c39e90264f33305004495a9","hash":"fed607caee8c06252289565bd1b4460e577f220f"}
,"/Users/liaoyuhsin/Desktop/Forbole/big-dipper-default-interface/src/graphql/queries/index.ts": {"path":"/Users/liaoyuhsin/Desktop/Forbole/big-dipper-default-interface/src/graphql/queries/index.ts","statementMap":{},"fnMap":{},"branchMap":{},"s":{},"f":{},"b":{},"_coverageSchema":"1a1c01bbd47fc00a2c39e90264f33305004495a9","hash":"640d711ffe3bf1d8cf8a76b761bd8865f5df55d0"}
,"/Users/liaoyuhsin/Desktop/Forbole/big-dipper-default-interface/src/graphql/queries/mint.ts": {"path":"/Users/liaoyuhsin/Desktop/Forbole/big-dipper-default-interface/src/graphql/queries/mint.ts","statementMap":{"0":{"start":{"line":3,"column":25},"end":{"line":8,"column":2}}},"fnMap":{},"branchMap":{},"s":{"0":2},"f":{},"b":{},"_coverageSchema":"1a1c01bbd47fc00a2c39e90264f33305004495a9","hash":"ef3a6fdb321bd40bf5f54e7510aab1643da0e955"}
,"/Users/liaoyuhsin/Desktop/Forbole/big-dipper-default-interface/src/graphql/queries/pricefeed.ts": {"path":"/Users/liaoyuhsin/Desktop/Forbole/big-dipper-default-interface/src/graphql/queries/pricefeed.ts","statementMap":{"0":{"start":{"line":3,"column":21},"end":{"line":10,"column":2}},"1":{"start":{"line":12,"column":26},"end":{"line":18,"column":2}}},"fnMap":{},"branchMap":{},"s":{"0":2,"1":2},"f":{},"b":{},"_coverageSchema":"1a1c01bbd47fc00a2c39e90264f33305004495a9","hash":"afe5645672ebee24e23ad4275a63c60f4e35b786"}
,"/Users/liaoyuhsin/Desktop/Forbole/big-dipper-default-interface/src/graphql/queries/query_example.ts": {"path":"/Users/liaoyuhsin/Desktop/Forbole/big-dipper-default-interface/src/graphql/queries/query_example.ts","statementMap":{"0":{"start":{"line":3,"column":28},"end":{"line":8,"column":8}}},"fnMap":{},"branchMap":{},"s":{"0":2},"f":{},"b":{},"_coverageSchema":"1a1c01bbd47fc00a2c39e90264f33305004495a9","hash":"daeb8b09e46266107ccd5551bdc6648b146ac961"}
,"/Users/liaoyuhsin/Desktop/Forbole/big-dipper-default-interface/src/graphql/queries/staking.ts": {"path":"/Users/liaoyuhsin/Desktop/Forbole/big-dipper-default-interface/src/graphql/queries/staking.ts","statementMap":{"0":{"start":{"line":4,"column":37},"end":{"line":13,"column":2}},"1":{"start":{"line":15,"column":30},"end":{"line":28,"column":2}},"2":{"start":{"line":30,"column":25},"end":{"line":56,"column":1}},"3":{"start":{"line":58,"column":28},"end":{"line":72,"column":1}},"4":{"start":{"line":74,"column":26},"end":{"line":81,"column":1}},"5":{"start":{"line":83,"column":28},"end":{"line":96,"column":1}},"6":{"start":{"line":98,"column":28},"end":{"line":111,"column":1}},"7":{"start":{"line":115,"column":30},"end":{"line":140,"column":2}}},"fnMap":{},"branchMap":{},"s":{"0":2,"1":2,"2":2,"3":2,"4":2,"5":2,"6":2,"7":2},"f":{},"b":{},"_coverageSchema":"1a1c01bbd47fc00a2c39e90264f33305004495a9","hash":"cbe1a9ab683058aeb31891929fa11ebd5fc1b404"}
,"/Users/liaoyuhsin/Desktop/Forbole/big-dipper-default-interface/src/pages/index.tsx": {"path":"/Users/liaoyuhsin/Desktop/Forbole/big-dipper-default-interface/src/pages/index.tsx","statementMap":{"0":{"start":{"line":3,"column":17},"end":{"line":7,"column":1}},"1":{"start":{"line":4,"column":2},"end":{"line":6,"column":4}}},"fnMap":{"0":{"name":"(anonymous_0)","decl":{"start":{"line":3,"column":17},"end":{"line":3,"column":18}},"loc":{"start":{"line":3,"column":23},"end":{"line":7,"column":1}},"line":3}},"branchMap":{},"s":{"0":1,"1":1},"f":{"0":1},"b":{},"_coverageSchema":"1a1c01bbd47fc00a2c39e90264f33305004495a9","hash":"5c4e59c3379080c19bbc604b51b5921fddb51c2a"}
,"/Users/liaoyuhsin/Desktop/Forbole/big-dipper-default-interface/src/screens/about/index.tsx": {"path":"/Users/liaoyuhsin/Desktop/Forbole/big-dipper-default-interface/src/screens/about/index.tsx","statementMap":{"0":{"start":{"line":8,"column":14},"end":{"line":26,"column":1}},"1":{"start":{"line":9,"column":16},"end":{"line":9,"column":39}},"2":{"start":{"line":10,"column":22},"end":{"line":10,"column":36}},"3":{"start":{"line":12,"column":2},"end":{"line":25,"column":4}}},"fnMap":{"0":{"name":"(anonymous_0)","decl":{"start":{"line":8,"column":14},"end":{"line":8,"column":15}},"loc":{"start":{"line":8,"column":20},"end":{"line":26,"column":1}},"line":8}},"branchMap":{},"s":{"0":1,"1":1,"2":1,"3":1},"f":{"0":1},"b":{},"_coverageSchema":"1a1c01bbd47fc00a2c39e90264f33305004495a9","hash":"75b2ec5cb7fa8ecda12e949cef7950262a9dbc60"}
,"/Users/liaoyuhsin/Desktop/Forbole/big-dipper-default-interface/src/screens/about/styles.tsx": {"path":"/Users/liaoyuhsin/Desktop/Forbole/big-dipper-default-interface/src/screens/about/styles.tsx","statementMap":{"0":{"start":{"line":5,"column":28},"end":{"line":36,"column":1}},"1":{"start":{"line":6,"column":21},"end":{"line":6,"column":31}},"2":{"start":{"line":7,"column":20},"end":{"line":31,"column":4}},"3":{"start":{"line":33,"column":2},"end":{"line":35,"column":4}}},"fnMap":{"0":{"name":"(anonymous_0)","decl":{"start":{"line":5,"column":28},"end":{"line":5,"column":29}},"loc":{"start":{"line":5,"column":34},"end":{"line":36,"column":1}},"line":5}},"branchMap":{},"s":{"0":1,"1":1,"2":1,"3":1},"f":{"0":1},"b":{},"_coverageSchema":"1a1c01bbd47fc00a2c39e90264f33305004495a9","hash":"7e3fd622507e35ec0f12d1b37f24279aa30df01b"}
,"/Users/liaoyuhsin/Desktop/Forbole/big-dipper-default-interface/src/screens/faq/index.tsx": {"path":"/Users/liaoyuhsin/Desktop/Forbole/big-dipper-default-interface/src/screens/faq/index.tsx","statementMap":{"0":{"start":{"line":10,"column":12},"end":{"line":59,"column":1}},"1":{"start":{"line":11,"column":16},"end":{"line":11,"column":37}},"2":{"start":{"line":12,"column":22},"end":{"line":12,"column":36}},"3":{"start":{"line":14,"column":2},"end":{"line":58,"column":4}},"4":{"start":{"line":43,"column":14},"end":{"line":52,"column":16}}},"fnMap":{"0":{"name":"(anonymous_0)","decl":{"start":{"line":10,"column":12},"end":{"line":10,"column":13}},"loc":{"start":{"line":10,"column":18},"end":{"line":59,"column":1}},"line":10},"1":{"name":"(anonymous_1)","decl":{"start":{"line":42,"column":33},"end":{"line":42,"column":34}},"loc":{"start":{"line":42,"column":43},"end":{"line":53,"column":13}},"line":42}},"branchMap":{},"s":{"0":1,"1":1,"2":1,"3":1,"4":6},"f":{"0":1,"1":6},"b":{},"_coverageSchema":"1a1c01bbd47fc00a2c39e90264f33305004495a9","hash":"57680b8b2d21796f0e7aab6a1e89c9953a9fefdb"}
,"/Users/liaoyuhsin/Desktop/Forbole/big-dipper-default-interface/src/screens/faq/styles.tsx": {"path":"/Users/liaoyuhsin/Desktop/Forbole/big-dipper-default-interface/src/screens/faq/styles.tsx","statementMap":{"0":{"start":{"line":5,"column":28},"end":{"line":94,"column":1}},"1":{"start":{"line":6,"column":21},"end":{"line":6,"column":31}},"2":{"start":{"line":7,"column":20},"end":{"line":89,"column":4}},"3":{"start":{"line":91,"column":2},"end":{"line":93,"column":4}}},"fnMap":{"0":{"name":"(anonymous_0)","decl":{"start":{"line":5,"column":28},"end":{"line":5,"column":29}},"loc":{"start":{"line":5,"column":34},"end":{"line":94,"column":1}},"line":5}},"branchMap":{},"s":{"0":1,"1":1,"2":1,"3":1},"f":{"0":1},"b":{},"_coverageSchema":"1a1c01bbd47fc00a2c39e90264f33305004495a9","hash":"d659376a65d468c7853c8f71e89a4b732002bdd2"}
,"/Users/liaoyuhsin/Desktop/Forbole/big-dipper-default-interface/src/screens/faq/utils.tsx": {"path":"/Users/liaoyuhsin/Desktop/Forbole/big-dipper-default-interface/src/screens/faq/utils.tsx","statementMap":{"0":{"start":{"line":3,"column":22},"end":{"line":33,"column":1}},"1":{"start":{"line":4,"column":16},"end":{"line":4,"column":37}},"2":{"start":{"line":5,"column":14},"end":{"line":30,"column":3}},"3":{"start":{"line":32,"column":2},"end":{"line":32,"column":15}}},"fnMap":{"0":{"name":"(anonymous_0)","decl":{"start":{"line":3,"column":22},"end":{"line":3,"column":23}},"loc":{"start":{"line":3,"column":28},"end":{"line":33,"column":1}},"line":3}},"branchMap":{},"s":{"0":1,"1":1,"2":1,"3":1},"f":{"0":1},"b":{},"_coverageSchema":"1a1c01bbd47fc00a2c39e90264f33305004495a9","hash":"fc5e45d153c9eb39adeb91b407a6879f09ef6bec"}
,"/Users/liaoyuhsin/Desktop/Forbole/big-dipper-default-interface/src/screens/home/hooks.tsx": {"path":"/Users/liaoyuhsin/Desktop/Forbole/big-dipper-default-interface/src/screens/home/hooks.tsx","statementMap":{"0":{"start":{"line":4,"column":27},"end":{"line":14,"column":1}},"1":{"start":{"line":7,"column":6},"end":{"line":7,"column":28}},"2":{"start":{"line":9,"column":2},"end":{"line":13,"column":4}}},"fnMap":{"0":{"name":"(anonymous_0)","decl":{"start":{"line":4,"column":27},"end":{"line":4,"column":28}},"loc":{"start":{"line":4,"column":33},"end":{"line":14,"column":1}},"line":4}},"branchMap":{},"s":{"0":2,"1":4,"2":4},"f":{"0":4},"b":{},"_coverageSchema":"1a1c01bbd47fc00a2c39e90264f33305004495a9","hash":"9fc3c901348cf461d84846c246bdfd1dbad0331d"}
,"/Users/liaoyuhsin/Desktop/Forbole/big-dipper-default-interface/src/screens/home/index.tsx": {"path":"/Users/liaoyuhsin/Desktop/Forbole/big-dipper-default-interface/src/screens/home/index.tsx","statementMap":{"0":{"start":{"line":9,"column":13},"end":{"line":46,"column":1}},"1":{"start":{"line":10,"column":16},"end":{"line":10,"column":40}},"2":{"start":{"line":15,"column":6},"end":{"line":15,"column":19}},"3":{"start":{"line":17,"column":2},"end":{"line":19,"column":3}},"4":{"start":{"line":18,"column":4},"end":{"line":18,"column":37}},"5":{"start":{"line":21,"column":2},"end":{"line":45,"column":4}},"6":{"start":{"line":38,"column":8},"end":{"line":42,"column":12}}},"fnMap":{"0":{"name":"(anonymous_0)","decl":{"start":{"line":9,"column":13},"end":{"line":9,"column":14}},"loc":{"start":{"line":9,"column":19},"end":{"line":46,"column":1}},"line":9},"1":{"name":"(anonymous_1)","decl":{"start":{"line":37,"column":44},"end":{"line":37,"column":45}},"loc":{"start":{"line":38,"column":8},"end":{"line":42,"column":12}},"line":38}},"branchMap":{"0":{"loc":{"start":{"line":17,"column":2},"end":{"line":19,"column":3}},"type":"if","locations":[{"start":{"line":17,"column":2},"end":{"line":19,"column":3}},{"start":{"line":17,"column":2},"end":{"line":19,"column":3}}],"line":17},"1":{"loc":{"start":{"line":36,"column":7},"end":{"line":36,"column":41}},"type":"binary-expr","locations":[{"start":{"line":36,"column":7},"end":{"line":36,"column":15}},{"start":{"line":36,"column":19},"end":{"line":36,"column":41}}],"line":36},"2":{"loc":{"start":{"line":37,"column":7},"end":{"line":43,"column":8}},"type":"binary-expr","locations":[{"start":{"line":37,"column":7},"end":{"line":37,"column":15}},{"start":{"line":37,"column":19},"end":{"line":37,"column":25}},{"start":{"line":37,"column":29},"end":{"line":43,"column":8}}],"line":37}},"s":{"0":2,"1":4,"2":4,"3":4,"4":0,"5":4,"6":4},"f":{"0":4,"1":4},"b":{"0":[0,4],"1":[4,2],"2":[4,2,2]},"_coverageSchema":"1a1c01bbd47fc00a2c39e90264f33305004495a9","hash":"538ad9e4fe252bd7c6b8f709b4f079d4cf19d7a1"}
,"/Users/liaoyuhsin/Desktop/Forbole/big-dipper-default-interface/src/styles/index.ts": {"path":"/Users/liaoyuhsin/Desktop/Forbole/big-dipper-default-interface/src/styles/index.ts","statementMap":{},"fnMap":{},"branchMap":{},"s":{},"f":{},"b":{},"_coverageSchema":"1a1c01bbd47fc00a2c39e90264f33305004495a9","hash":"787f3110a965e1d578584a7ec5ca6edc6c641304"}
,"/Users/liaoyuhsin/Desktop/Forbole/big-dipper-default-interface/src/styles/theme.ts": {"path":"/Users/liaoyuhsin/Desktop/Forbole/big-dipper-default-interface/src/styles/theme.ts","statementMap":{"0":{"start":{"line":5,"column":22},"end":{"line":38,"column":1}},"1":{"start":{"line":41,"column":27},"end":{"line":91,"column":1}},"2":{"start":{"line":94,"column":26},"end":{"line":144,"column":1}},"3":{"start":{"line":146,"column":26},"end":{"line":146,"column":85}},"4":{"start":{"line":147,"column":25},"end":{"line":147,"column":83}}},"fnMap":{},"branchMap":{},"s":{"0":4,"1":4,"2":4,"3":4,"4":4},"f":{},"b":{},"_coverageSchema":"1a1c01bbd47fc00a2c39e90264f33305004495a9","hash":"14c55321025957c27c966223036c8b1ad2510c62"}
,"/Users/liaoyuhsin/Desktop/Forbole/big-dipper-default-interface/src/styles/utils.ts": {"path":"/Users/liaoyuhsin/Desktop/Forbole/big-dipper-default-interface/src/styles/utils.ts","statementMap":{"0":{"start":{"line":1,"column":32},"end":{"line":3,"column":1}},"1":{"start":{"line":2,"column":2},"end":{"line":2,"column":47}},"2":{"start":{"line":5,"column":32},"end":{"line":7,"column":1}},"3":{"start":{"line":6,"column":2},"end":{"line":6,"column":47}}},"fnMap":{"0":{"name":"(anonymous_0)","decl":{"start":{"line":1,"column":32},"end":{"line":1,"column":33}},"loc":{"start":{"line":1,"column":65},"end":{"line":3,"column":1}},"line":1},"1":{"name":"(anonymous_1)","decl":{"start":{"line":5,"column":32},"end":{"line":5,"column":33}},"loc":{"start":{"line":5,"column":65},"end":{"line":7,"column":1}},"line":5}},"branchMap":{},"s":{"0":4,"1":14,"2":4,"3":0},"f":{"0":14,"1":0},"b":{},"_coverageSchema":"1a1c01bbd47fc00a2c39e90264f33305004495a9","hash":"19acf476982a5e74ad9785ce0850dc2631f9cfe3"}
,"/Users/liaoyuhsin/Desktop/Forbole/big-dipper-default-interface/tests/utils/await_actions.ts": {"path":"/Users/liaoyuhsin/Desktop/Forbole/big-dipper-default-interface/tests/utils/await_actions.ts","statementMap":{"0":{"start":{"line":3,"column":28},"end":{"line":10,"column":1}},"1":{"start":{"line":6,"column":2},"end":{"line":9,"column":5}},"2":{"start":{"line":7,"column":4},"end":{"line":7,"column":62}},"3":{"start":{"line":7,"column":35},"end":{"line":7,"column":60}},"4":{"start":{"line":8,"column":4},"end":{"line":8,"column":21}}},"fnMap":{"0":{"name":"(anonymous_0)","decl":{"start":{"line":3,"column":28},"end":{"line":3,"column":29}},"loc":{"start":{"line":5,"column":6},"end":{"line":10,"column":1}},"line":5},"1":{"name":"(anonymous_1)","decl":{"start":{"line":6,"column":12},"end":{"line":6,"column":13}},"loc":{"start":{"line":6,"column":24},"end":{"line":9,"column":3}},"line":6},"2":{"name":"(anonymous_2)","decl":{"start":{"line":7,"column":22},"end":{"line":7,"column":23}},"loc":{"start":{"line":7,"column":35},"end":{"line":7,"column":60}},"line":7}},"branchMap":{"0":{"loc":{"start":{"line":4,"column":2},"end":{"line":4,"column":10}},"type":"default-arg","locations":[{"start":{"line":4,"column":9},"end":{"line":4,"column":10}}],"line":4}},"s":{"0":1,"1":1,"2":1,"3":1,"4":1},"f":{"0":1,"1":1,"2":1},"b":{"0":[0]},"_coverageSchema":"1a1c01bbd47fc00a2c39e90264f33305004495a9","hash":"a295113208c2546964dbdb192873d1eb650f5c4d"}
,"/Users/liaoyuhsin/Desktop/Forbole/big-dipper-default-interface/tests/utils/mock_apollo_provider.tsx": {"path":"/Users/liaoyuhsin/Desktop/Forbole/big-dipper-default-interface/tests/utils/mock_apollo_provider.tsx","statementMap":{"0":{"start":{"line":8,"column":38},"end":{"line":19,"column":1}},"1":{"start":{"line":11,"column":2},"end":{"line":18,"column":4}}},"fnMap":{"0":{"name":"(anonymous_0)","decl":{"start":{"line":8,"column":38},"end":{"line":8,"column":39}},"loc":{"start":{"line":10,"column":14},"end":{"line":19,"column":1}},"line":10}},"branchMap":{"0":{"loc":{"start":{"line":9,"column":13},"end":{"line":9,"column":23}},"type":"default-arg","locations":[{"start":{"line":9,"column":21},"end":{"line":9,"column":23}}],"line":9}},"s":{"0":1,"1":2},"f":{"0":2},"b":{"0":[0]},"_coverageSchema":"1a1c01bbd47fc00a2c39e90264f33305004495a9","hash":"3e6c6067be1fb2daf089e2f8d4d7efa32a19b2b7"}
,"/Users/liaoyuhsin/Desktop/Forbole/big-dipper-default-interface/tests/utils/mock_material_theme.tsx": {"path":"/Users/liaoyuhsin/Desktop/Forbole/big-dipper-default-interface/tests/utils/mock_material_theme.tsx","statementMap":{"0":{"start":{"line":8,"column":37},"end":{"line":19,"column":1}},"1":{"start":{"line":12,"column":2},"end":{"line":18,"column":4}}},"fnMap":{"0":{"name":"(anonymous_0)","decl":{"start":{"line":8,"column":37},"end":{"line":8,"column":38}},"loc":{"start":{"line":11,"column":14},"end":{"line":19,"column":1}},"line":11}},"branchMap":{},"s":{"0":4,"1":5},"f":{"0":5},"b":{},"_coverageSchema":"1a1c01bbd47fc00a2c39e90264f33305004495a9","hash":"42b982c084926b18fc7d255c333b9e2fc9e40abb"}
,"/Users/liaoyuhsin/Desktop/Forbole/big-dipper-default-interface/tests/utils/mock_react_i18next.js": {"path":"/Users/liaoyuhsin/Desktop/Forbole/big-dipper-default-interface/tests/utils/mock_react_i18next.js","statementMap":{"0":{"start":{"line":2,"column":14},"end":{"line":2,"column":30}},"1":{"start":{"line":3,"column":21},"end":{"line":3,"column":45}},"2":{"start":{"line":5,"column":20},"end":{"line":5,"column":92}},"3":{"start":{"line":5,"column":30},"end":{"line":5,"column":92}},"4":{"start":{"line":7,"column":20},"end":{"line":12,"column":1}},"5":{"start":{"line":7,"column":31},"end":{"line":11,"column":24}},"6":{"start":{"line":14,"column":20},"end":{"line":38,"column":1}},"7":{"start":{"line":15,"column":2},"end":{"line":17,"column":3}},"8":{"start":{"line":16,"column":4},"end":{"line":16,"column":22}},"9":{"start":{"line":19,"column":2},"end":{"line":37,"column":5}},"10":{"start":{"line":20,"column":18},"end":{"line":20,"column":33}},"11":{"start":{"line":21,"column":22},"end":{"line":21,"column":49}},"12":{"start":{"line":23,"column":4},"end":{"line":25,"column":5}},"13":{"start":{"line":24,"column":6},"end":{"line":24,"column":19}},"14":{"start":{"line":26,"column":4},"end":{"line":31,"column":5}},"15":{"start":{"line":27,"column":20},"end":{"line":27,"column":51}},"16":{"start":{"line":28,"column":6},"end":{"line":30,"column":16}},"17":{"start":{"line":32,"column":4},"end":{"line":34,"column":5}},"18":{"start":{"line":33,"column":6},"end":{"line":33,"column":90}},"19":{"start":{"line":33,"column":58},"end":{"line":33,"column":84}},"20":{"start":{"line":36,"column":4},"end":{"line":36,"column":17}},"21":{"start":{"line":40,"column":16},"end":{"line":41,"column":2}},"22":{"start":{"line":40,"column":24},"end":{"line":40,"column":25}},"23":{"start":{"line":42,"column":0},"end":{"line":42,"column":21}},"24":{"start":{"line":42,"column":19},"end":{"line":42,"column":20}},"25":{"start":{"line":43,"column":0},"end":{"line":44,"column":2}},"26":{"start":{"line":46,"column":0},"end":{"line":61,"column":2}},"27":{"start":{"line":47,"column":27},"end":{"line":47,"column":48}},"28":{"start":{"line":48,"column":33},"end":{"line":51,"column":4}},"29":{"start":{"line":48,"column":49},"end":{"line":48,"column":50}},"30":{"start":{"line":52,"column":24},"end":{"line":52,"column":31}}},"fnMap":{"0":{"name":"(anonymous_0)","decl":{"start":{"line":5,"column":20},"end":{"line":5,"column":21}},"loc":{"start":{"line":5,"column":30},"end":{"line":5,"column":92}},"line":5},"1":{"name":"(anonymous_1)","decl":{"start":{"line":7,"column":20},"end":{"line":7,"column":21}},"loc":{"start":{"line":7,"column":31},"end":{"line":11,"column":24}},"line":7},"2":{"name":"(anonymous_2)","decl":{"start":{"line":14,"column":20},"end":{"line":14,"column":21}},"loc":{"start":{"line":14,"column":36},"end":{"line":38,"column":1}},"line":14},"3":{"name":"(anonymous_3)","decl":{"start":{"line":19,"column":37},"end":{"line":19,"column":38}},"loc":{"start":{"line":19,"column":49},"end":{"line":37,"column":3}},"line":19},"4":{"name":"(anonymous_4)","decl":{"start":{"line":33,"column":39},"end":{"line":33,"column":40}},"loc":{"start":{"line":33,"column":58},"end":{"line":33,"column":84}},"line":33},"5":{"name":"(anonymous_5)","decl":{"start":{"line":40,"column":17},"end":{"line":40,"column":18}},"loc":{"start":{"line":40,"column":24},"end":{"line":40,"column":25}},"line":40},"6":{"name":"(anonymous_6)","decl":{"start":{"line":42,"column":12},"end":{"line":42,"column":13}},"loc":{"start":{"line":42,"column":19},"end":{"line":42,"column":20}},"line":42},"7":{"name":"(anonymous_7)","decl":{"start":{"line":47,"column":9},"end":{"line":47,"column":10}},"loc":{"start":{"line":47,"column":27},"end":{"line":47,"column":48}},"line":47},"8":{"name":"(anonymous_8)","decl":{"start":{"line":48,"column":15},"end":{"line":48,"column":16}},"loc":{"start":{"line":48,"column":33},"end":{"line":51,"column":4}},"line":48},"9":{"name":"(anonymous_9)","decl":{"start":{"line":48,"column":42},"end":{"line":48,"column":43}},"loc":{"start":{"line":48,"column":49},"end":{"line":48,"column":50}},"line":48},"10":{"name":"(anonymous_10)","decl":{"start":{"line":52,"column":18},"end":{"line":52,"column":19}},"loc":{"start":{"line":52,"column":24},"end":{"line":52,"column":31}},"line":52}},"branchMap":{"0":{"loc":{"start":{"line":5,"column":30},"end":{"line":5,"column":92}},"type":"binary-expr","locations":[{"start":{"line":5,"column":30},"end":{"line":5,"column":34}},{"start":{"line":5,"column":39},"end":{"line":5,"column":52}},{"start":{"line":5,"column":57},"end":{"line":5,"column":67}},{"start":{"line":5,"column":71},"end":{"line":5,"column":90}}],"line":5},"1":{"loc":{"start":{"line":7,"column":31},"end":{"line":11,"column":24}},"type":"cond-expr","locations":[{"start":{"line":9,"column":4},"end":{"line":9,"column":17}},{"start":{"line":10,"column":4},"end":{"line":11,"column":24}}],"line":7},"2":{"loc":{"start":{"line":7,"column":31},"end":{"line":8,"column":18}},"type":"binary-expr","locations":[{"start":{"line":7,"column":31},"end":{"line":7,"column":35}},{"start":{"line":8,"column":5},"end":{"line":8,"column":18}}],"line":7},"3":{"loc":{"start":{"line":10,"column":4},"end":{"line":11,"column":24}},"type":"binary-expr","locations":[{"start":{"line":10,"column":4},"end":{"line":10,"column":14}},{"start":{"line":11,"column":5},"end":{"line":11,"column":24}}],"line":10},"4":{"loc":{"start":{"line":15,"column":2},"end":{"line":17,"column":3}},"type":"if","locations":[{"start":{"line":15,"column":2},"end":{"line":17,"column":3}},{"start":{"line":15,"column":2},"end":{"line":17,"column":3}}],"line":15},"5":{"loc":{"start":{"line":23,"column":4},"end":{"line":25,"column":5}},"type":"if","locations":[{"start":{"line":23,"column":4},"end":{"line":25,"column":5}},{"start":{"line":23,"column":4},"end":{"line":25,"column":5}}],"line":23},"6":{"loc":{"start":{"line":26,"column":4},"end":{"line":31,"column":5}},"type":"if","locations":[{"start":{"line":26,"column":4},"end":{"line":31,"column":5}},{"start":{"line":26,"column":4},"end":{"line":31,"column":5}}],"line":26},"7":{"loc":{"start":{"line":32,"column":4},"end":{"line":34,"column":5}},"type":"if","locations":[{"start":{"line":32,"column":4},"end":{"line":34,"column":5}},{"start":{"line":32,"column":4},"end":{"line":34,"column":5}}],"line":32},"8":{"loc":{"start":{"line":32,"column":8},"end":{"line":32,"column":47}},"type":"binary-expr","locations":[{"start":{"line":32,"column":8},"end":{"line":32,"column":33}},{"start":{"line":32,"column":37},"end":{"line":32,"column":47}}],"line":32}},"s":{"0":5,"1":5,"2":5,"3":0,"4":5,"5":0,"6":5,"7":0,"8":0,"9":0,"10":0,"11":0,"12":0,"13":0,"14":0,"15":0,"16":0,"17":0,"18":0,"19":0,"20":0,"21":5,"22":0,"23":5,"24":54,"25":5,"26":5,"27":0,"28":0,"29":0,"30":14},"f":{"0":0,"1":0,"2":0,"3":0,"4":0,"5":0,"6":54,"7":0,"8":0,"9":0,"10":14},"b":{"0":[0,0,0,0],"1":[0,0],"2":[0,0],"3":[0,0],"4":[0,0],"5":[0,0],"6":[0,0],"7":[0,0],"8":[0,0]},"inputSourceMap":null,"_coverageSchema":"1a1c01bbd47fc00a2c39e90264f33305004495a9","hash":"0c68610d8f921b212ed156639f4528f09d721707"}
}
