TN:
SF:next.config.js
FN:9,(anonymous_0)
FNF:1
FNH:0
FNDA:0,(anonymous_0)
DA:1,5
DA:3,5
DA:8,5
DA:9,0
LF:4
LH:3
BRF:0
BRH:0
end_of_record
TN:
SF:src/components/index.tsx
FNF:0
FNH:0
LF:0
LH:0
BRF:0
BRH:0
end_of_record
TN:
SF:src/components/footer/index.tsx
FN:9,(anonymous_0)
FNF:1
FNH:1
FNDA:7,(anonymous_0)
DA:9,5
DA:10,7
DA:11,7
DA:12,7
DA:13,7
DA:14,7
DA:16,7
LF:7
LH:7
BRF:0
BRH:0
end_of_record
TN:
SF:src/components/footer/styles.tsx
FN:3,(anonymous_0)
FNF:1
FNH:1
FNDA:7,(anonymous_0)
DA:3,5
DA:4,7
DA:22,7
LF:3
LH:3
BRF:0
BRH:0
end_of_record
TN:
SF:src/components/footer/utils.tsx
FN:49,(anonymous_0)
FN:50,(anonymous_1)
FN:82,(anonymous_2)
FN:83,(anonymous_3)
FN:114,(anonymous_4)
FN:115,(anonymous_5)
FNF:6
FNH:6
FNDA:7,(anonymous_0)
FNDA:35,(anonymous_1)
FNDA:7,(anonymous_2)
FNDA:14,(anonymous_3)
FNDA:7,(anonymous_4)
FNDA:21,(anonymous_5)
DA:18,5
DA:49,5
DA:50,7
DA:51,35
DA:64,5
DA:82,5
DA:83,7
DA:84,14
DA:95,5
DA:114,5
DA:115,7
DA:116,21
LF:12
LH:12
BRF:0
BRH:0
end_of_record
TN:
SF:src/components/footer/components/index.ts
FNF:0
FNH:0
LF:0
LH:0
BRF:0
BRH:0
end_of_record
TN:
SF:src/components/footer/components/footer_link/index.tsx
FN:4,(anonymous_0)
FNF:1
FNH:1
FNDA:21,(anonymous_0)
DA:4,5
DA:8,21
DA:9,21
LF:3
LH:3
BRF:0
BRH:0
end_of_record
TN:
SF:src/components/footer/components/social_media/index.tsx
FN:4,(anonymous_0)
FNF:1
FNH:1
FNDA:35,(anonymous_0)
DA:4,5
DA:9,35
DA:10,35
LF:3
LH:3
BRF:0
BRH:0
end_of_record
TN:
SF:src/components/footer/components/store_badge/index.tsx
FN:4,(anonymous_0)
FNF:1
FNH:1
FNDA:14,(anonymous_0)
DA:4,5
DA:10,14
DA:11,14
LF:3
LH:3
BRF:0
BRH:0
end_of_record
TN:
SF:src/components/icons/index.tsx
FNF:0
FNH:0
LF:0
LH:0
BRF:0
BRH:0
end_of_record
TN:
SF:src/components/icons/facebook/index.tsx
FN:3,(anonymous_0)
FNF:1
FNH:1
FNDA:7,(anonymous_0)
DA:3,5
DA:4,7
LF:2
LH:2
BRF:0
BRH:0
end_of_record
TN:
SF:src/components/icons/forbole/index.tsx
FN:3,(anonymous_0)
FNF:1
FNH:0
FNDA:0,(anonymous_0)
DA:3,5
DA:4,0
LF:2
LH:1
BRF:0
BRH:0
end_of_record
TN:
SF:src/components/icons/github/index.tsx
FN:3,(anonymous_0)
FNF:1
FNH:1
FNDA:7,(anonymous_0)
DA:3,5
DA:4,7
LF:2
LH:2
BRF:0
BRH:0
end_of_record
TN:
SF:src/components/icons/linkedIn/index.tsx
FN:3,(anonymous_0)
FNF:1
FNH:0
FNDA:0,(anonymous_0)
DA:3,5
DA:4,0
LF:2
LH:1
BRF:0
BRH:0
end_of_record
TN:
SF:src/components/icons/medium/index.tsx
FN:3,(anonymous_0)
FNF:1
FNH:1
FNDA:7,(anonymous_0)
DA:3,5
DA:4,7
LF:2
LH:2
BRF:0
BRH:0
end_of_record
TN:
SF:src/components/icons/telegram/index.tsx
FN:3,(anonymous_0)
FNF:1
FNH:1
FNDA:7,(anonymous_0)
DA:3,5
DA:4,7
LF:2
LH:2
BRF:0
BRH:0
end_of_record
TN:
SF:src/components/icons/twitter/index.tsx
FN:3,(anonymous_0)
FNF:1
FNH:1
FNDA:7,(anonymous_0)
DA:3,5
DA:4,7
LF:2
LH:2
BRF:0
BRH:0
end_of_record
TN:
SF:src/components/icons/youtube/index.tsx
FN:3,(anonymous_0)
FNF:1
FNH:0
FNDA:0,(anonymous_0)
DA:3,5
DA:4,0
LF:2
LH:1
BRF:0
BRH:0
end_of_record
TN:
SF:src/components/layout/index.tsx
FN:5,(anonymous_0)
FNF:1
FNH:1
FNDA:6,(anonymous_0)
DA:5,5
DA:9,6
DA:11,6
LF:3
LH:3
BRDA:8,0,0,6
BRF:1
BRH:1
end_of_record
TN:
SF:src/components/max_width_container/index.tsx
FN:6,(anonymous_0)
FNF:1
FNH:1
FNDA:2,(anonymous_0)
DA:6,5
DA:9,2
DA:10,2
DA:12,2
LF:4
LH:4
BRDA:8,0,0,2
BRF:1
BRH:1
end_of_record
TN:
SF:src/components/max_width_container/styles.tsx
FN:3,(anonymous_0)
FNF:1
FNH:1
FNDA:2,(anonymous_0)
DA:3,5
DA:4,2
DA:12,2
LF:3
LH:3
BRF:0
BRH:0
end_of_record
TN:
SF:src/components/max_width_content/index.tsx
FN:6,(anonymous_0)
FNF:1
FNH:1
FNDA:6,(anonymous_0)
DA:6,5
DA:9,6
DA:10,6
DA:12,6
LF:4
LH:4
BRDA:8,0,0,4
BRF:1
BRH:1
end_of_record
TN:
SF:src/components/max_width_content/styles.tsx
FN:4,(anonymous_0)
FNF:1
FNH:1
FNDA:6,(anonymous_0)
DA:4,5
DA:5,6
DA:6,6
DA:13,6
LF:4
LH:4
BRDA:9,0,0,6
BRDA:9,0,1,6
BRF:2
BRH:2
end_of_record
TN:
SF:src/graphql/queries/consensus.ts
FNF:0
FNH:0
DA:3,2
DA:10,2
DA:17,2
DA:24,2
DA:31,2
DA:39,2
DA:57,2
LF:7
LH:7
BRF:0
BRH:0
end_of_record
TN:
SF:src/graphql/queries/distribution.ts
FNF:0
FNH:0
DA:3,2
LF:1
LH:1
BRF:0
BRH:0
end_of_record
TN:
SF:src/graphql/queries/gov.ts
FNF:0
FNH:0
DA:3,2
DA:18,2
DA:33,2
DA:44,2
DA:65,2
DA:85,2
DA:105,2
DA:124,2
DA:144,2
LF:9
LH:9
BRF:0
BRH:0
end_of_record
TN:
SF:src/graphql/queries/index.ts
FNF:0
FNH:0
LF:0
LH:0
BRF:0
BRH:0
end_of_record
TN:
SF:src/graphql/queries/mint.ts
FNF:0
FNH:0
DA:3,2
LF:1
LH:1
BRF:0
BRH:0
end_of_record
TN:
SF:src/graphql/queries/pricefeed.ts
FNF:0
FNH:0
DA:3,2
DA:12,2
LF:2
LH:2
BRF:0
BRH:0
end_of_record
TN:
SF:src/graphql/queries/query_example.ts
FNF:0
FNH:0
DA:3,2
LF:1
LH:1
BRF:0
BRH:0
end_of_record
TN:
SF:src/graphql/queries/staking.ts
FNF:0
FNH:0
DA:4,2
DA:15,2
DA:30,2
DA:58,2
DA:74,2
DA:83,2
DA:98,2
DA:115,2
LF:8
LH:8
BRF:0
BRH:0
end_of_record
TN:
SF:src/pages/index.tsx
FN:3,(anonymous_0)
FNF:1
FNH:1
FNDA:1,(anonymous_0)
DA:3,1
DA:4,1
LF:2
LH:2
BRF:0
BRH:0
end_of_record
TN:
SF:src/screens/about/index.tsx
FN:8,(anonymous_0)
FNF:1
FNH:1
FNDA:1,(anonymous_0)
DA:8,1
DA:9,1
DA:10,1
DA:12,1
LF:4
LH:4
BRF:0
BRH:0
end_of_record
TN:
SF:src/screens/about/styles.tsx
FN:5,(anonymous_0)
FNF:1
FNH:1
FNDA:1,(anonymous_0)
DA:5,1
DA:6,1
DA:7,1
DA:33,1
LF:4
LH:4
BRF:0
BRH:0
end_of_record
TN:
SF:src/screens/faq/index.tsx
FN:10,(anonymous_0)
FN:42,(anonymous_1)
FNF:2
FNH:2
FNDA:1,(anonymous_0)
FNDA:6,(anonymous_1)
DA:10,1
DA:11,1
DA:12,1
DA:14,1
DA:43,6
LF:5
LH:5
BRF:0
BRH:0
end_of_record
TN:
SF:src/screens/faq/styles.tsx
FN:5,(anonymous_0)
FNF:1
FNH:1
FNDA:1,(anonymous_0)
DA:5,1
DA:6,1
DA:7,1
DA:91,1
LF:4
LH:4
BRF:0
BRH:0
end_of_record
TN:
SF:src/screens/faq/utils.tsx
FN:3,(anonymous_0)
FNF:1
FNH:1
FNDA:1,(anonymous_0)
DA:3,1
DA:4,1
DA:5,1
DA:32,1
LF:4
LH:4
BRF:0
BRH:0
end_of_record
TN:
SF:src/screens/home/hooks.tsx
FN:4,(anonymous_0)
FNF:1
FNH:1
FNDA:4,(anonymous_0)
DA:4,2
DA:7,4
DA:9,4
LF:3
LH:3
BRF:0
BRH:0
end_of_record
TN:
SF:src/screens/home/index.tsx
FN:9,(anonymous_0)
FN:37,(anonymous_1)
FNF:2
FNH:2
FNDA:4,(anonymous_0)
FNDA:4,(anonymous_1)
DA:9,2
DA:10,4
DA:15,4
DA:17,4
DA:18,0
DA:21,4
DA:38,4
LF:7
LH:6
BRDA:17,0,0,0
BRDA:17,0,1,4
BRDA:36,1,0,4
BRDA:36,1,1,2
BRDA:37,2,0,4
BRDA:37,2,1,2
BRDA:37,2,2,2
BRF:7
BRH:6
end_of_record
TN:
SF:src/styles/index.ts
FNF:0
FNH:0
LF:0
LH:0
BRF:0
BRH:0
end_of_record
TN:
SF:src/styles/theme.ts
FNF:0
FNH:0
DA:5,4
DA:41,4
DA:94,4
DA:146,4
DA:147,4
LF:5
LH:5
BRF:0
BRH:0
end_of_record
TN:
SF:src/styles/utils.ts
FN:1,(anonymous_0)
FN:5,(anonymous_1)
FNF:2
FNH:1
FNDA:14,(anonymous_0)
FNDA:0,(anonymous_1)
DA:1,4
DA:2,14
DA:5,4
DA:6,0
LF:4
LH:3
BRF:0
BRH:0
end_of_record
TN:
SF:tests/utils/await_actions.ts
FN:3,(anonymous_0)
FN:6,(anonymous_1)
FN:7,(anonymous_2)
FNF:3
FNH:3
FNDA:1,(anonymous_0)
FNDA:1,(anonymous_1)
FNDA:1,(anonymous_2)
DA:3,1
DA:6,1
DA:7,1
DA:8,1
LF:4
LH:4
BRDA:4,0,0,0
BRF:1
BRH:0
end_of_record
TN:
SF:tests/utils/mock_apollo_provider.tsx
FN:8,(anonymous_0)
FNF:1
FNH:1
FNDA:2,(anonymous_0)
DA:8,1
DA:11,2
LF:2
LH:2
BRDA:9,0,0,0
BRF:1
BRH:0
end_of_record
TN:
SF:tests/utils/mock_material_theme.tsx
FN:8,(anonymous_0)
FNF:1
FNH:1
FNDA:5,(anonymous_0)
DA:8,4
DA:12,5
LF:2
LH:2
BRF:0
BRH:0
end_of_record
TN:
SF:tests/utils/mock_react_i18next.js
FN:5,(anonymous_0)
FN:7,(anonymous_1)
FN:14,(anonymous_2)
FN:19,(anonymous_3)
FN:33,(anonymous_4)
FN:40,(anonymous_5)
FN:42,(anonymous_6)
FN:47,(anonymous_7)
FN:48,(anonymous_8)
FN:48,(anonymous_9)
FN:52,(anonymous_10)
FNF:11
FNH:2
FNDA:0,(anonymous_0)
FNDA:0,(anonymous_1)
FNDA:0,(anonymous_2)
FNDA:0,(anonymous_3)
FNDA:0,(anonymous_4)
FNDA:0,(anonymous_5)
FNDA:54,(anonymous_6)
FNDA:0,(anonymous_7)
FNDA:0,(anonymous_8)
FNDA:0,(anonymous_9)
FNDA:14,(anonymous_10)
DA:2,5
DA:3,5
DA:5,5
DA:7,5
DA:14,5
DA:15,0
DA:16,0
DA:19,0
DA:20,0
DA:21,0
DA:23,0
DA:24,0
DA:26,0
DA:27,0
DA:28,0
DA:32,0
DA:33,0
DA:36,0
DA:40,5
DA:42,54
DA:43,5
DA:46,5
DA:47,0
DA:48,0
DA:52,14
LF:25
LH:10
BRDA:5,0,0,0
BRDA:5,0,1,0
BRDA:5,0,2,0
BRDA:5,0,3,0
BRDA:7,1,0,0
BRDA:7,1,1,0
BRDA:7,2,0,0
BRDA:7,2,1,0
BRDA:10,3,0,0
BRDA:10,3,1,0
BRDA:15,4,0,0
BRDA:15,4,1,0
BRDA:23,5,0,0
BRDA:23,5,1,0
BRDA:26,6,0,0
BRDA:26,6,1,0
BRDA:32,7,0,0
BRDA:32,7,1,0
BRDA:32,8,0,0
BRDA:32,8,1,0
BRF:20
BRH:0
end_of_record
